Compilación iniciada a las 28/02/2016 23:29:49.
     1>Proyecto "C:\Users\Raul\Documents\Git\TrueInferno\galeon\dependencies\lua\vsproject\LUA\LUA.vcxproj" en el nodo 2 (Build destinos).
     1>Link:
         C:\Program Files (x86)\Microsoft Visual Studio 12.0\VC\bin\link.exe /ERRORREPORT:PROMPT /OUT:"C:\Users\Raul\Documents\Git\TrueInferno\galeon\dependencies\lua\vsproject\LUA\../../lib/Release\lua51.dll" /INCREMENTAL:NO /NOLOGO kernel32.lib user32.lib gdi32.lib winspool.lib comdlg32.lib advapi32.lib shell32.lib ole32.lib oleaut32.lib uuid.lib odbc32.lib odbccp32.lib /MANIFEST /MANIFESTUAC:"level='asInvoker' uiAccess='false'" /manifest:embed /DEBUG /PDB:"C:\Users\Raul\Documents\Git\TrueInferno\galeon\dependencies\lua\vsproject\LUA\../../lib/Release\lua51.pdb" /SUBSYSTEM:CONSOLE /OPT:REF /OPT:ICF /LTCG /TLBID:1 /DYNAMICBASE /NXCOMPAT /IMPLIB:"C:\Users\Raul\Documents\Git\TrueInferno\galeon\dependencies\lua\vsproject\LUA\../../lib/Release\lua51.lib" /MACHINE:X86 /SAFESEH /DLL Release\lapi.obj
         Release\lauxlib.obj
         Release\lbaselib.obj
         Release\lcode.obj
         Release\ldblib.obj
         Release\ldebug.obj
         Release\ldo.obj
         Release\ldump.obj
         Release\lfunc.obj
         Release\lgc.obj
         Release\linit.obj
         Release\liolib.obj
         Release\llex.obj
         Release\lmathlib.obj
         Release\lmem.obj
         Release\loadlib.obj
         Release\lobject.obj
         Release\lopcodes.obj
         Release\loslib.obj
         Release\lparser.obj
         Release\lstate.obj
         Release\lstring.obj
         Release\lstrlib.obj
         Release\ltable.obj
         Release\ltablib.obj
         Release\ltm.obj
         Release\lundump.obj
         Release\lvm.obj
         Release\lzio.obj
         Release\print.obj
            Creando biblioteca C:\Users\Raul\Documents\Git\TrueInferno\galeon\dependencies\lua\vsproject\LUA\../../lib/Release\lua51.lib y objeto C:\Users\Raul\Documents\Git\TrueInferno\galeon\dependencies\lua\vsproject\LUA\../../lib/Release\lua51.exp
         Generando código
         Generación de código finalizada
         LUA.vcxproj -> C:\Users\Raul\Documents\Git\TrueInferno\galeon\dependencies\lua\vsproject\LUA\../../lib/Release\lua51.dll
     1>Compilación del proyecto terminada "C:\Users\Raul\Documents\Git\TrueInferno\galeon\dependencies\lua\vsproject\LUA\LUA.vcxproj" (Build destinos).

Compilación correcta.

Tiempo transcurrido 00:00:02.50
