Compilación iniciada a las 01/03/2016 11:15:17.
     1>Proyecto "C:\Users\Raul\Documents\Git\TrueInferno\galeon\dependencies\lua\vsproject\LUA\LUA.vcxproj" en el nodo 2 (Build destinos).
     1>ClCompile:
         C:\Program Files (x86)\Microsoft Visual Studio 12.0\VC\bin\CL.exe /c /ZI /nologo /W3 /WX- /Od /Oy- /D WIN32 /D _DEBUG /D _CONSOLE /D LUA_BUILD_AS_DLL /D _WINDLL /D _UNICODE /D UNICODE /Gm /EHsc /RTC1 /MDd /GS /fp:precise /Zc:wchar_t /Zc:forScope /Fo"Debug\\" /Fd"Debug\vc120.pdb" /Gd /TC /analyze- /errorReport:prompt ..\..\src\lapi.c ..\..\src\lauxlib.c ..\..\src\lbaselib.c ..\..\src\lcode.c ..\..\src\ldblib.c ..\..\src\ldebug.c ..\..\src\ldo.c ..\..\src\ldump.c ..\..\src\lfunc.c ..\..\src\lgc.c ..\..\src\linit.c ..\..\src\liolib.c ..\..\src\llex.c ..\..\src\lmathlib.c ..\..\src\lmem.c ..\..\src\loadlib.c ..\..\src\lobject.c ..\..\src\lopcodes.c ..\..\src\loslib.c ..\..\src\lparser.c ..\..\src\lstate.c ..\..\src\lstring.c ..\..\src\lstrlib.c ..\..\src\ltable.c ..\..\src\ltablib.c ..\..\src\ltm.c ..\..\src\lundump.c ..\..\src\lvm.c ..\..\src\lzio.c ..\..\src\print.c
         print.c
         lzio.c
         lvm.c
     1>c:\users\raul\documents\git\trueinferno\galeon\dependencies\lua\src\lvm.c(53): warning C4996: 'sprintf': This function or variable may be unsafe. Consider using sprintf_s instead. To disable deprecation, use _CRT_SECURE_NO_WARNINGS. See online help for details.
                 c:\program files (x86)\microsoft visual studio 12.0\vc\include\stdio.h(356) : vea la declaración de 'sprintf'
         lundump.c
         ltm.c
         ltablib.c
         ltable.c
         lstrlib.c
     1>c:\users\raul\documents\git\trueinferno\galeon\dependencies\lua\src\lstrlib.c(740): warning C4996: 'strncpy': This function or variable may be unsafe. Consider using strncpy_s instead. To disable deprecation, use _CRT_SECURE_NO_WARNINGS. See online help for details.
                 c:\program files (x86)\microsoft visual studio 12.0\vc\include\string.h(195) : vea la declaración de 'strncpy'
     1>c:\users\raul\documents\git\trueinferno\galeon\dependencies\lua\src\lstrlib.c(750): warning C4996: 'strcpy': This function or variable may be unsafe. Consider using strcpy_s instead. To disable deprecation, use _CRT_SECURE_NO_WARNINGS. See online help for details.
                 c:\program files (x86)\microsoft visual studio 12.0\vc\include\string.h(112) : vea la declaración de 'strcpy'
     1>c:\users\raul\documents\git\trueinferno\galeon\dependencies\lua\src\lstrlib.c(775): warning C4996: 'sprintf': This function or variable may be unsafe. Consider using sprintf_s instead. To disable deprecation, use _CRT_SECURE_NO_WARNINGS. See online help for details.
                 c:\program files (x86)\microsoft visual studio 12.0\vc\include\stdio.h(356) : vea la declaración de 'sprintf'
     1>c:\users\raul\documents\git\trueinferno\galeon\dependencies\lua\src\lstrlib.c(780): warning C4996: 'sprintf': This function or variable may be unsafe. Consider using sprintf_s instead. To disable deprecation, use _CRT_SECURE_NO_WARNINGS. See online help for details.
                 c:\program files (x86)\microsoft visual studio 12.0\vc\include\stdio.h(356) : vea la declaración de 'sprintf'
     1>c:\users\raul\documents\git\trueinferno\galeon\dependencies\lua\src\lstrlib.c(785): warning C4996: 'sprintf': This function or variable may be unsafe. Consider using sprintf_s instead. To disable deprecation, use _CRT_SECURE_NO_WARNINGS. See online help for details.
                 c:\program files (x86)\microsoft visual studio 12.0\vc\include\stdio.h(356) : vea la declaración de 'sprintf'
     1>c:\users\raul\documents\git\trueinferno\galeon\dependencies\lua\src\lstrlib.c(790): warning C4996: 'sprintf': This function or variable may be unsafe. Consider using sprintf_s instead. To disable deprecation, use _CRT_SECURE_NO_WARNINGS. See online help for details.
                 c:\program files (x86)\microsoft visual studio 12.0\vc\include\stdio.h(356) : vea la declaración de 'sprintf'
     1>c:\users\raul\documents\git\trueinferno\galeon\dependencies\lua\src\lstrlib.c(808): warning C4996: 'sprintf': This function or variable may be unsafe. Consider using sprintf_s instead. To disable deprecation, use _CRT_SECURE_NO_WARNINGS. See online help for details.
                 c:\program files (x86)\microsoft visual studio 12.0\vc\include\stdio.h(356) : vea la declaración de 'sprintf'
         lstring.c
         lstate.c
         lparser.c
         loslib.c
     1>c:\users\raul\documents\git\trueinferno\galeon\dependencies\lua\src\loslib.c(31): warning C4996: 'strerror': This function or variable may be unsafe. Consider using strerror_s instead. To disable deprecation, use _CRT_SECURE_NO_WARNINGS. See online help for details.
                 c:\program files (x86)\microsoft visual studio 12.0\vc\include\string.h(168) : vea la declaración de 'strerror'
     1>c:\users\raul\documents\git\trueinferno\galeon\dependencies\lua\src\loslib.c(60): warning C4996: 'tmpnam': This function or variable may be unsafe. Consider using tmpnam_s instead. To disable deprecation, use _CRT_SECURE_NO_WARNINGS. See online help for details.
                 c:\program files (x86)\microsoft visual studio 12.0\vc\include\stdio.h(323) : vea la declaración de 'tmpnam'
     1>c:\users\raul\documents\git\trueinferno\galeon\dependencies\lua\src\loslib.c(69): warning C4996: 'getenv': This function or variable may be unsafe. Consider using _dupenv_s instead. To disable deprecation, use _CRT_SECURE_NO_WARNINGS. See online help for details.
                 c:\program files (x86)\microsoft visual studio 12.0\vc\include\stdlib.h(462) : vea la declaración de 'getenv'
     1>c:\users\raul\documents\git\trueinferno\galeon\dependencies\lua\src\loslib.c(129): warning C4996: 'gmtime': This function or variable may be unsafe. Consider using gmtime_s instead. To disable deprecation, use _CRT_SECURE_NO_WARNINGS. See online help for details.
                 c:\program files (x86)\microsoft visual studio 12.0\vc\include\time.inl(99) : vea la declaración de 'gmtime'
     1>c:\users\raul\documents\git\trueinferno\galeon\dependencies\lua\src\loslib.c(133): warning C4996: 'localtime': This function or variable may be unsafe. Consider using localtime_s instead. To disable deprecation, use _CRT_SECURE_NO_WARNINGS. See online help for details.
                 c:\program files (x86)\microsoft visual studio 12.0\vc\include\time.inl(112) : vea la declaración de 'localtime'
         lopcodes.c
         lobject.c
     1>c:\users\raul\documents\git\trueinferno\galeon\dependencies\lua\src\lobject.c(145): warning C4996: 'sprintf': This function or variable may be unsafe. Consider using sprintf_s instead. To disable deprecation, use _CRT_SECURE_NO_WARNINGS. See online help for details.
                 c:\program files (x86)\microsoft visual studio 12.0\vc\include\stdio.h(356) : vea la declaración de 'sprintf'
     1>c:\users\raul\documents\git\trueinferno\galeon\dependencies\lua\src\lobject.c(184): warning C4996: 'strncpy': This function or variable may be unsafe. Consider using strncpy_s instead. To disable deprecation, use _CRT_SECURE_NO_WARNINGS. See online help for details.
                 c:\program files (x86)\microsoft visual studio 12.0\vc\include\string.h(195) : vea la declaración de 'strncpy'
     1>c:\users\raul\documents\git\trueinferno\galeon\dependencies\lua\src\lobject.c(193): warning C4996: 'strcpy': This function or variable may be unsafe. Consider using strcpy_s instead. To disable deprecation, use _CRT_SECURE_NO_WARNINGS. See online help for details.
                 c:\program files (x86)\microsoft visual studio 12.0\vc\include\string.h(112) : vea la declaración de 'strcpy'
     1>c:\users\raul\documents\git\trueinferno\galeon\dependencies\lua\src\lobject.c(196): warning C4996: 'strcat': This function or variable may be unsafe. Consider using strcat_s instead. To disable deprecation, use _CRT_SECURE_NO_WARNINGS. See online help for details.
                 c:\program files (x86)\microsoft visual studio 12.0\vc\include\string.h(118) : vea la declaración de 'strcat'
     1>c:\users\raul\documents\git\trueinferno\galeon\dependencies\lua\src\lobject.c(198): warning C4996: 'strcat': This function or variable may be unsafe. Consider using strcat_s instead. To disable deprecation, use _CRT_SECURE_NO_WARNINGS. See online help for details.
                 c:\program files (x86)\microsoft visual studio 12.0\vc\include\string.h(118) : vea la declaración de 'strcat'
     1>c:\users\raul\documents\git\trueinferno\galeon\dependencies\lua\src\lobject.c(204): warning C4996: 'strcpy': This function or variable may be unsafe. Consider using strcpy_s instead. To disable deprecation, use _CRT_SECURE_NO_WARNINGS. See online help for details.
                 c:\program files (x86)\microsoft visual studio 12.0\vc\include\string.h(112) : vea la declaración de 'strcpy'
     1>c:\users\raul\documents\git\trueinferno\galeon\dependencies\lua\src\lobject.c(206): warning C4996: 'strncat': This function or variable may be unsafe. Consider using strncat_s instead. To disable deprecation, use _CRT_SECURE_NO_WARNINGS. See online help for details.
                 c:\program files (x86)\microsoft visual studio 12.0\vc\include\string.h(186) : vea la declaración de 'strncat'
     1>c:\users\raul\documents\git\trueinferno\galeon\dependencies\lua\src\lobject.c(207): warning C4996: 'strcat': This function or variable may be unsafe. Consider using strcat_s instead. To disable deprecation, use _CRT_SECURE_NO_WARNINGS. See online help for details.
                 c:\program files (x86)\microsoft visual studio 12.0\vc\include\string.h(118) : vea la declaración de 'strcat'
     1>c:\users\raul\documents\git\trueinferno\galeon\dependencies\lua\src\lobject.c(210): warning C4996: 'strcat': This function or variable may be unsafe. Consider using strcat_s instead. To disable deprecation, use _CRT_SECURE_NO_WARNINGS. See online help for details.
                 c:\program files (x86)\microsoft visual studio 12.0\vc\include\string.h(118) : vea la declaración de 'strcat'
     1>c:\users\raul\documents\git\trueinferno\galeon\dependencies\lua\src\lobject.c(211): warning C4996: 'strcat': This function or variable may be unsafe. Consider using strcat_s instead. To disable deprecation, use _CRT_SECURE_NO_WARNINGS. See online help for details.
                 c:\program files (x86)\microsoft visual studio 12.0\vc\include\string.h(118) : vea la declaración de 'strcat'
         loadlib.c
     1>c:\users\raul\documents\git\trueinferno\galeon\dependencies\lua\src\loadlib.c(333): warning C4996: 'fopen': This function or variable may be unsafe. Consider using fopen_s instead. To disable deprecation, use _CRT_SECURE_NO_WARNINGS. See online help for details.
                 c:\program files (x86)\microsoft visual studio 12.0\vc\include\stdio.h(211) : vea la declaración de 'fopen'
     1>c:\users\raul\documents\git\trueinferno\galeon\dependencies\lua\src\loadlib.c(594): warning C4996: 'getenv': This function or variable may be unsafe. Consider using _dupenv_s instead. To disable deprecation, use _CRT_SECURE_NO_WARNINGS. See online help for details.
                 c:\program files (x86)\microsoft visual studio 12.0\vc\include\stdlib.h(462) : vea la declaración de 'getenv'
         lmem.c
         lmathlib.c
         llex.c
         liolib.c
     1>c:\users\raul\documents\git\trueinferno\galeon\dependencies\lua\src\liolib.c(39): warning C4996: 'strerror': This function or variable may be unsafe. Consider using strerror_s instead. To disable deprecation, use _CRT_SECURE_NO_WARNINGS. See online help for details.
                 c:\program files (x86)\microsoft visual studio 12.0\vc\include\string.h(168) : vea la declaración de 'strerror'
     1>c:\users\raul\documents\git\trueinferno\galeon\dependencies\lua\src\liolib.c(41): warning C4996: 'strerror': This function or variable may be unsafe. Consider using strerror_s instead. To disable deprecation, use _CRT_SECURE_NO_WARNINGS. See online help for details.
                 c:\program files (x86)\microsoft visual studio 12.0\vc\include\string.h(168) : vea la declaración de 'strerror'
     1>c:\users\raul\documents\git\trueinferno\galeon\dependencies\lua\src\liolib.c(49): warning C4996: 'strerror': This function or variable may be unsafe. Consider using strerror_s instead. To disable deprecation, use _CRT_SECURE_NO_WARNINGS. See online help for details.
                 c:\program files (x86)\microsoft visual studio 12.0\vc\include\string.h(168) : vea la declaración de 'strerror'
     1>c:\users\raul\documents\git\trueinferno\galeon\dependencies\lua\src\liolib.c(165): warning C4996: 'fopen': This function or variable may be unsafe. Consider using fopen_s instead. To disable deprecation, use _CRT_SECURE_NO_WARNINGS. See online help for details.
                 c:\program files (x86)\microsoft visual studio 12.0\vc\include\stdio.h(211) : vea la declaración de 'fopen'
     1>c:\users\raul\documents\git\trueinferno\galeon\dependencies\lua\src\liolib.c(185): warning C4996: 'tmpfile': This function or variable may be unsafe. Consider using tmpfile_s instead. To disable deprecation, use _CRT_SECURE_NO_WARNINGS. See online help for details.
                 c:\program files (x86)\microsoft visual studio 12.0\vc\include\stdio.h(317) : vea la declaración de 'tmpfile'
     1>c:\users\raul\documents\git\trueinferno\galeon\dependencies\lua\src\liolib.c(205): warning C4996: 'fopen': This function or variable may be unsafe. Consider using fopen_s instead. To disable deprecation, use _CRT_SECURE_NO_WARNINGS. See online help for details.
                 c:\program files (x86)\microsoft visual studio 12.0\vc\include\stdio.h(211) : vea la declaración de 'fopen'
     1>c:\users\raul\documents\git\trueinferno\galeon\dependencies\lua\src\liolib.c(257): warning C4996: 'fopen': This function or variable may be unsafe. Consider using fopen_s instead. To disable deprecation, use _CRT_SECURE_NO_WARNINGS. See online help for details.
                 c:\program files (x86)\microsoft visual studio 12.0\vc\include\stdio.h(211) : vea la declaración de 'fopen'
     1>c:\users\raul\documents\git\trueinferno\galeon\dependencies\lua\src\liolib.c(275): warning C4996: 'fscanf': This function or variable may be unsafe. Consider using fscanf_s instead. To disable deprecation, use _CRT_SECURE_NO_WARNINGS. See online help for details.
                 c:\program files (x86)\microsoft visual studio 12.0\vc\include\stdio.h(230) : vea la declaración de 'fscanf'
     1>c:\users\raul\documents\git\trueinferno\galeon\dependencies\lua\src\liolib.c(395): warning C4996: 'strerror': This function or variable may be unsafe. Consider using strerror_s instead. To disable deprecation, use _CRT_SECURE_NO_WARNINGS. See online help for details.
                 c:\program files (x86)\microsoft visual studio 12.0\vc\include\string.h(168) : vea la declaración de 'strerror'
         linit.c
         Generando código...
         Compilando...
         lgc.c
         lfunc.c
         ldump.c
         ldo.c
         ldebug.c
         ldblib.c
         lcode.c
         lbaselib.c
         lauxlib.c
     1>c:\users\raul\documents\git\trueinferno\galeon\dependencies\lua\src\lauxlib.c(544): warning C4996: 'strerror': This function or variable may be unsafe. Consider using strerror_s instead. To disable deprecation, use _CRT_SECURE_NO_WARNINGS. See online help for details.
                 c:\program files (x86)\microsoft visual studio 12.0\vc\include\string.h(168) : vea la declaración de 'strerror'
     1>c:\users\raul\documents\git\trueinferno\galeon\dependencies\lua\src\lauxlib.c(564): warning C4996: 'fopen': This function or variable may be unsafe. Consider using fopen_s instead. To disable deprecation, use _CRT_SECURE_NO_WARNINGS. See online help for details.
                 c:\program files (x86)\microsoft visual studio 12.0\vc\include\stdio.h(211) : vea la declaración de 'fopen'
     1>c:\users\raul\documents\git\trueinferno\galeon\dependencies\lua\src\lauxlib.c(574): warning C4996: 'freopen': This function or variable may be unsafe. Consider using freopen_s instead. To disable deprecation, use _CRT_SECURE_NO_WARNINGS. See online help for details.
                 c:\program files (x86)\microsoft visual studio 12.0\vc\include\stdio.h(226) : vea la declaración de 'freopen'
         lapi.c
         Generando código...
       Link:
         C:\Program Files (x86)\Microsoft Visual Studio 12.0\VC\bin\link.exe /ERRORREPORT:PROMPT /OUT:"C:\Users\Raul\Documents\Git\TrueInferno\galeon\dependencies\lua\vsproject\LUA\../../lib/Debug\lua51.dll" /INCREMENTAL /NOLOGO kernel32.lib user32.lib gdi32.lib winspool.lib comdlg32.lib advapi32.lib shell32.lib ole32.lib oleaut32.lib uuid.lib odbc32.lib odbccp32.lib /MANIFEST /MANIFESTUAC:"level='asInvoker' uiAccess='false'" /manifest:embed /DEBUG /PDB:"C:\Users\Raul\Documents\Git\TrueInferno\galeon\dependencies\lua\vsproject\LUA\../../lib/Debug\lua51.pdb" /SUBSYSTEM:CONSOLE /TLBID:1 /DYNAMICBASE /NXCOMPAT /IMPLIB:"C:\Users\Raul\Documents\Git\TrueInferno\galeon\dependencies\lua\vsproject\LUA\../../lib/Debug\lua51.lib" /MACHINE:X86 /SAFESEH /DLL Debug\lapi.obj
         Debug\lauxlib.obj
         Debug\lbaselib.obj
         Debug\lcode.obj
         Debug\ldblib.obj
         Debug\ldebug.obj
         Debug\ldo.obj
         Debug\ldump.obj
         Debug\lfunc.obj
         Debug\lgc.obj
         Debug\linit.obj
         Debug\liolib.obj
         Debug\llex.obj
         Debug\lmathlib.obj
         Debug\lmem.obj
         Debug\loadlib.obj
         Debug\lobject.obj
         Debug\lopcodes.obj
         Debug\loslib.obj
         Debug\lparser.obj
         Debug\lstate.obj
         Debug\lstring.obj
         Debug\lstrlib.obj
         Debug\ltable.obj
         Debug\ltablib.obj
         Debug\ltm.obj
         Debug\lundump.obj
         Debug\lvm.obj
         Debug\lzio.obj
         Debug\print.obj
     1>lapi.obj : warning LNK4075: se omite '/EDITANDCONTINUE' debido a la especificación '/SAFESEH'
            Creando biblioteca C:\Users\Raul\Documents\Git\TrueInferno\galeon\dependencies\lua\vsproject\LUA\../../lib/Debug\lua51.lib y objeto C:\Users\Raul\Documents\Git\TrueInferno\galeon\dependencies\lua\vsproject\LUA\../../lib/Debug\lua51.exp
         LUA.vcxproj -> C:\Users\Raul\Documents\Git\TrueInferno\galeon\dependencies\lua\vsproject\LUA\../../lib/Debug\lua51.dll
     1>Compilación del proyecto terminada "C:\Users\Raul\Documents\Git\TrueInferno\galeon\dependencies\lua\vsproject\LUA\LUA.vcxproj" (Build destinos).

Compilación correcta.

Tiempo transcurrido 00:00:03.06
