19:07:19: Creating resource group General
19:07:19: Creating resource group Internal
19:07:19: Creating resource group Autodetect
19:07:19: SceneManagerFactory for type 'DefaultSceneManager' registered.
19:07:19: Registering ResourceManager for type Material
19:07:19: Registering ResourceManager for type Mesh
19:07:19: Registering ResourceManager for type Skeleton
19:07:19: MovableObjectFactory for type 'ParticleSystem' registered.
19:07:19: ArchiveFactory for archive type FileSystem registered.
19:07:19: ArchiveFactory for archive type Zip registered.
19:07:19: ArchiveFactory for archive type EmbeddedZip registered.
19:07:19: DDS codec registering
19:07:19: FreeImage version: 3.15.3
19:07:19: This program uses FreeImage, a free, open source image library supporting all common bitmap formats. See http://freeimage.sourceforge.net for details
19:07:19: Supported formats: bmp,ico,jpg,jif,jpeg,jpe,jng,koa,iff,lbm,mng,pbm,pbm,pcd,pcx,pgm,pgm,png,ppm,ppm,ras,tga,targa,tif,tiff,wap,wbmp,wbm,psd,cut,xbm,xpm,gif,hdr,g3,sgi,exr,j2k,j2c,jp2,pfm,pct,pict,pic
19:07:19: Registering ResourceManager for type HighLevelGpuProgram
19:07:19: Registering ResourceManager for type Compositor
19:07:19: MovableObjectFactory for type 'Entity' registered.
19:07:19: MovableObjectFactory for type 'Light' registered.
19:07:19: MovableObjectFactory for type 'BillboardSet' registered.
19:07:19: MovableObjectFactory for type 'ManualObject' registered.
19:07:19: MovableObjectFactory for type 'BillboardChain' registered.
19:07:19: MovableObjectFactory for type 'RibbonTrail' registered.
19:07:19: Loading library .\RenderSystem_Direct3D9_d
19:07:20: Installing plugin: D3D9 RenderSystem
19:07:20: D3D9 : Direct3D9 Rendering Subsystem created.
19:07:20: D3D9: Driver Detection Starts
19:07:20: D3D9: Driver Detection Ends
19:07:20: Plugin successfully installed
19:07:20: Loading library .\RenderSystem_Direct3D11_d
19:07:20: Installing plugin: D3D11 RenderSystem
19:07:20: D3D11 : Direct3D11 Rendering Subsystem created.
19:07:20: D3D11: Driver Detection Starts
19:07:20: D3D11: Driver Detection Ends
19:07:20: Plugin successfully installed
19:07:20: Loading library .\RenderSystem_GL_d
19:07:21: Installing plugin: GL RenderSystem
19:07:21: OpenGL Rendering Subsystem created.
19:07:21: Plugin successfully installed
19:07:21: Loading library .\Plugin_ParticleFX_d
19:07:21: Installing plugin: ParticleFX
19:07:21: Particle Emitter Type 'Point' registered
19:07:21: Particle Emitter Type 'Box' registered
19:07:21: Particle Emitter Type 'Ellipsoid' registered
19:07:21: Particle Emitter Type 'Cylinder' registered
19:07:21: Particle Emitter Type 'Ring' registered
19:07:21: Particle Emitter Type 'HollowEllipsoid' registered
19:07:21: Particle Affector Type 'LinearForce' registered
19:07:21: Particle Affector Type 'ColourFader' registered
19:07:21: Particle Affector Type 'ColourFader2' registered
19:07:21: Particle Affector Type 'ColourImage' registered
19:07:21: Particle Affector Type 'ColourInterpolator' registered
19:07:21: Particle Affector Type 'Scaler' registered
19:07:21: Particle Affector Type 'Rotator' registered
19:07:21: Particle Affector Type 'DirectionRandomiser' registered
19:07:21: Particle Affector Type 'DeflectorPlane' registered
19:07:21: Plugin successfully installed
19:07:21: Loading library .\Plugin_CgProgramManager_d
19:07:21: Installing plugin: Cg Program Manager
19:07:21: Plugin successfully installed
19:07:21: *-*-* OGRE Initialising
19:07:21: *-*-* Version 1.9.0 (Ghadamon)
19:07:21: Added resource location './media' of type 'FileSystem' to resource group 'General'
19:07:21: Added resource location './media/fonts' of type 'FileSystem' to resource group 'General'
19:07:21: Added resource location './media/materials/programs' of type 'FileSystem' to resource group 'General'
19:07:21: Added resource location './media/materials/programs/metal' of type 'FileSystem' to resource group 'General'
19:07:21: Added resource location './media/materials/scripts' of type 'FileSystem' to resource group 'General'
19:07:21: Added resource location './media/materials/textures' of type 'FileSystem' to resource group 'General'
19:07:21: Added resource location './media/models' of type 'FileSystem' to resource group 'General'
19:07:21: OGRE EXCEPTION(6:FileNotFoundException): 'ogre.cfg' file not found! in ConfigFile::load at ..\..\OgreMain\src\OgreConfigFile.cpp (line 82)
19:07:21: OGRE EXCEPTION(6:FileNotFoundException): 'ogre.cfg' file not found! in ConfigFile::load at ..\..\OgreMain\src\OgreConfigFile.cpp (line 82)
19:07:28: D3D9 : RenderSystem Option: Full Screen = No
19:07:28: CPU Identifier & Features
19:07:28: -------------------------
19:07:28:  *   CPU ID: GenuineIntel: Intel(R) Core(TM) i7-4510U CPU @ 2.00GHz
19:07:28:  *      SSE: yes
19:07:28:  *     SSE2: yes
19:07:28:  *     SSE3: yes
19:07:28:  *      MMX: yes
19:07:28:  *   MMXEXT: yes
19:07:28:  *    3DNOW: no
19:07:28:  * 3DNOWEXT: no
19:07:28:  *     CMOV: yes
19:07:28:  *      TSC: yes
19:07:28:  *      FPU: yes
19:07:28:  *      PRO: yes
19:07:28:  *       HT: no
19:07:28: -------------------------
19:07:28: D3D9 : Subsystem Initialising
19:07:28: Registering ResourceManager for type Texture
19:07:28: Registering ResourceManager for type GpuProgram
19:07:28: D3D9RenderSystem::_createRenderWindow "Galeon", 800x600 windowed  miscParams: FSAA=0 FSAAHint= colourDepth=32 gamma=false monitorIndex=0 useNVPerfHUD=false vsync=false vsyncInterval=1 
19:07:28: D3D9 : Created D3D9 Rendering Window 'Galeon' : 800x600, 32bpp
19:07:28: D3D9 : WARNING - disabling VSync in windowed mode can cause timing issues at lower frame rates, turn VSync on if you observe this problem.
19:07:28: D3D9: Vertex texture format supported - PF_L8
19:07:28: D3D9: Vertex texture format supported - PF_L16
19:07:28: D3D9: Vertex texture format supported - PF_A8
19:07:28: D3D9: Vertex texture format supported - PF_A4L4
19:07:28: D3D9: Vertex texture format supported - PF_BYTE_LA
19:07:28: D3D9: Vertex texture format supported - PF_R5G6B5
19:07:28: D3D9: Vertex texture format supported - PF_B5G6R5
19:07:28: D3D9: Vertex texture format supported - PF_A4R4G4B4
19:07:28: D3D9: Vertex texture format supported - PF_A1R5G5B5
19:07:28: D3D9: Vertex texture format supported - PF_A8R8G8B8
19:07:28: D3D9: Vertex texture format supported - PF_B8G8R8A8
19:07:28: D3D9: Vertex texture format supported - PF_A2R10G10B10
19:07:28: D3D9: Vertex texture format supported - PF_A2B10G10R10
19:07:28: D3D9: Vertex texture format supported - PF_DXT1
19:07:28: D3D9: Vertex texture format supported - PF_DXT2
19:07:29: D3D9: Vertex texture format supported - PF_DXT3
19:07:29: D3D9: Vertex texture format supported - PF_DXT4
19:07:29: D3D9: Vertex texture format supported - PF_DXT5
19:07:29: D3D9: Vertex texture format supported - PF_FLOAT16_RGB
19:07:29: D3D9: Vertex texture format supported - PF_FLOAT16_RGBA
19:07:29: D3D9: Vertex texture format supported - PF_FLOAT32_RGB
19:07:29: D3D9: Vertex texture format supported - PF_FLOAT32_RGBA
19:07:29: D3D9: Vertex texture format supported - PF_X8R8G8B8
19:07:29: D3D9: Vertex texture format supported - PF_R8G8B8A8
19:07:29: D3D9: Vertex texture format supported - PF_DEPTH
19:07:29: D3D9: Vertex texture format supported - PF_SHORT_RGBA
19:07:29: D3D9: Vertex texture format supported - PF_FLOAT16_R
19:07:29: D3D9: Vertex texture format supported - PF_FLOAT32_R
19:07:29: D3D9: Vertex texture format supported - PF_SHORT_GR
19:07:29: D3D9: Vertex texture format supported - PF_FLOAT16_GR
19:07:29: D3D9: Vertex texture format supported - PF_FLOAT32_GR
19:07:29: D3D9: Vertex texture format supported - PF_SHORT_RGB
19:07:29: D3D9: Vertex texture format supported - PF_PVRTC_RGB2
19:07:29: D3D9: Vertex texture format supported - PF_PVRTC_RGBA2
19:07:29: D3D9: Vertex texture format supported - PF_PVRTC_RGB4
19:07:29: D3D9: Vertex texture format supported - PF_PVRTC_RGBA4
19:07:29: D3D9: Vertex texture format supported - PF_PVRTC2_2BPP
19:07:29: D3D9: Vertex texture format supported - PF_PVRTC2_4BPP
19:07:29: D3D9: Vertex texture format supported - PF_R11G11B10_FLOAT
19:07:29: D3D9: Vertex texture format supported - PF_R8_UINT
19:07:29: D3D9: Vertex texture format supported - PF_R8G8_UINT
19:07:29: D3D9: Vertex texture format supported - PF_R8G8B8_UINT
19:07:29: D3D9: Vertex texture format supported - PF_R8G8B8A8_UINT
19:07:29: D3D9: Vertex texture format supported - PF_R16_UINT
19:07:29: D3D9: Vertex texture format supported - PF_R16G16_UINT
19:07:29: D3D9: Vertex texture format supported - PF_R16G16B16_UINT
19:07:29: D3D9: Vertex texture format supported - PF_R16G16B16A16_UINT
19:07:29: D3D9: Vertex texture format supported - PF_R32_UINT
19:07:29: D3D9: Vertex texture format supported - PF_R32G32_UINT
19:07:29: D3D9: Vertex texture format supported - PF_R32G32B32_UINT
19:07:29: D3D9: Vertex texture format supported - PF_R32G32B32A32_UINT
19:07:29: D3D9: Vertex texture format supported - PF_R8_SINT
19:07:29: D3D9: Vertex texture format supported - PF_R8G8_SINT
19:07:29: D3D9: Vertex texture format supported - PF_R8G8B8_SINT
19:07:29: D3D9: Vertex texture format supported - PF_R8G8B8A8_SINT
19:07:29: D3D9: Vertex texture format supported - PF_R16_SINT
19:07:29: D3D9: Vertex texture format supported - PF_R16G16_SINT
19:07:29: D3D9: Vertex texture format supported - PF_R16G16B16_SINT
19:07:29: D3D9: Vertex texture format supported - PF_R16G16B16A16_SINT
19:07:29: D3D9: Vertex texture format supported - PF_R32_SINT
19:07:29: D3D9: Vertex texture format supported - PF_R32G32_SINT
19:07:29: D3D9: Vertex texture format supported - PF_R32G32B32_SINT
19:07:29: D3D9: Vertex texture format supported - PF_R32G32B32A32_SINT
19:07:29: D3D9: Vertex texture format supported - PF_R9G9B9E5_SHAREDEXP
19:07:29: D3D9: Vertex texture format supported - PF_BC4_UNORM
19:07:29: D3D9: Vertex texture format supported - PF_BC4_SNORM
19:07:29: D3D9: Vertex texture format supported - PF_BC5_UNORM
19:07:29: D3D9: Vertex texture format supported - PF_BC5_SNORM
19:07:29: D3D9: Vertex texture format supported - PF_BC6H_UF16
19:07:29: D3D9: Vertex texture format supported - PF_BC6H_SF16
19:07:29: D3D9: Vertex texture format supported - PF_BC7_UNORM
19:07:29: D3D9: Vertex texture format supported - PF_BC7_UNORM_SRGB
19:07:29: D3D9: Vertex texture format supported - PF_R8
19:07:29: D3D9: Vertex texture format supported - PF_RG8
19:07:29: D3D9: Vertex texture format supported - PF_R8_SNORM
19:07:29: D3D9: Vertex texture format supported - PF_R8G8_SNORM
19:07:29: D3D9: Vertex texture format supported - PF_R8G8B8_SNORM
19:07:29: D3D9: Vertex texture format supported - PF_R8G8B8A8_SNORM
19:07:29: D3D9: Vertex texture format supported - PF_R16_SNORM
19:07:29: D3D9: Vertex texture format supported - PF_R16G16_SNORM
19:07:29: D3D9: Vertex texture format supported - PF_R16G16B16_SNORM
19:07:29: D3D9: Vertex texture format supported - PF_R16G16B16A16_SNORM
19:07:29: D3D9: Vertex texture format supported - PF_ETC1_RGB8
19:07:29: D3D9: Vertex texture format supported - PF_ETC2_RGB8
19:07:29: D3D9: Vertex texture format supported - PF_ETC2_RGBA8
19:07:29: D3D9: Vertex texture format supported - PF_ETC2_RGB8A1
19:07:29: D3D9: Vertex texture format supported - PF_ATC_RGB
19:07:29: D3D9: Vertex texture format supported - PF_ATC_RGBA_EXPLICIT_ALPHA
19:07:29: D3D9: Vertex texture format supported - PF_ATC_RGBA_INTERPOLATED_ALPHA
19:07:29: RenderSystem capabilities
19:07:29: -------------------------
19:07:29: RenderSystem Name: Direct3D9 Rendering Subsystem
19:07:29: GPU Vendor: intel
19:07:29: Device Name: Monitor-1-Intel(R) HD Graphics Family
19:07:29: Driver Version: 10.18.10.3496
19:07:29:  * Fixed function pipeline: yes
19:07:29:  * Hardware generation of mipmaps: yes
19:07:29:  * Texture blending: yes
19:07:29:  * Anisotropic texture filtering: yes
19:07:29:  * Dot product texture operation: yes
19:07:29:  * Cube mapping: yes
19:07:29:  * Hardware stencil buffer: yes
19:07:29:    - Stencil depth: 8
19:07:29:    - Two sided stencil support: yes
19:07:29:    - Wrap stencil values: yes
19:07:29:  * Hardware vertex / index buffers: yes
19:07:29:  * Vertex programs: yes
19:07:29:  * Number of floating-point constants for vertex programs: 256
19:07:29:  * Number of integer constants for vertex programs: 16
19:07:29:  * Number of boolean constants for vertex programs: 16
19:07:29:  * Fragment programs: yes
19:07:29:  * Number of floating-point constants for fragment programs: 224
19:07:29:  * Number of integer constants for fragment programs: 16
19:07:29:  * Number of boolean constants for fragment programs: 16
19:07:29:  * Geometry programs: no
19:07:29:  * Number of floating-point constants for geometry programs: 0
19:07:29:  * Number of integer constants for geometry programs: 0
19:07:29:  * Number of boolean constants for geometry programs: 0
19:07:29:  * Tesselation Hull programs: no
19:07:29:  * Number of floating-point constants for tesselation hull programs: 0
19:07:29:  * Number of integer constants for tesselation hull programs: 0
19:07:29:  * Number of boolean constants for tesselation hull programs: 0
19:07:29:  * Tesselation Domain programs: no
19:07:29:  * Number of floating-point constants for tesselation domain programs: 0
19:07:29:  * Number of integer constants for tesselation domain programs: 0
19:07:29:  * Number of boolean constants for tesselation domain programs: 0
19:07:29:  * Compute programs: no
19:07:29:  * Number of floating-point constants for compute programs: 0
19:07:29:  * Number of integer constants for compute programs: 0
19:07:29:  * Number of boolean constants for compute programs: 0
19:07:29:  * Supported Shader Profiles: hlsl ps_1_1 ps_1_2 ps_1_3 ps_1_4 ps_2_0 ps_2_a ps_2_b ps_2_x ps_3_0 vs_1_1 vs_2_0 vs_2_a vs_2_x vs_3_0
19:07:29:  * Texture Compression: yes
19:07:29:    - DXT: yes
19:07:29:    - VTC: no
19:07:29:    - PVRTC: no
19:07:29:    - ATC: no
19:07:29:    - ETC1: no
19:07:29:    - ETC2: no
19:07:29:    - BC4/BC5: no
19:07:29:    - BC6H/BC7: no
19:07:29:  * Scissor Rectangle: yes
19:07:29:  * Hardware Occlusion Query: yes
19:07:29:  * User clip planes: yes
19:07:29:  * VET_UBYTE4 vertex element type: yes
19:07:29:  * Infinite far plane projection: yes
19:07:29:  * Hardware render-to-texture: yes
19:07:29:  * Floating point textures: yes
19:07:29:  * Non-power-of-two textures: yes
19:07:29:  * 1d textures: yes
19:07:29:  * Volume textures: yes
19:07:29:  * Multiple Render Targets: 4
19:07:29:    - With different bit depths: yes
19:07:29:  * Point Sprites: yes
19:07:29:  * Extended point parameters: yes
19:07:29:  * Max Point Size: 256
19:07:29:  * Vertex texture fetch: yes
19:07:29:  * Number of world matrices: 0
19:07:29:  * Number of texture units: 8
19:07:29:  * Stencil buffer depth: 8
19:07:29:  * Number of vertex blend matrices: 0
19:07:29:    - Max vertex textures: 4
19:07:29:    - Vertex textures shared: no
19:07:29:  * Render to Vertex Buffer : no
19:07:29:  * Hardware Atomic Counters: no
19:07:29:  * DirectX per stage constants: yes
19:07:29: ***************************************
19:07:29: *** D3D9 : Subsystem Initialised OK ***
19:07:29: ***************************************
19:07:29: DefaultWorkQueue('Root') initialising on thread main.
19:07:29: Particle Renderer Type 'billboard' registered
19:07:29: Initialising resource group General
19:07:29: Parsing scripts for resource group General
19:07:29: Parsing script AmbientOneTexture_hlsl.program
19:07:29: Parsing script monster.program
19:07:29: OGRE EXCEPTION(7:InternalErrorException): Unable to compile Cg program monster_ps: The compile returned an error.
<invalid atom 65535>(177) : warning C7011: implicit cast from "float4" to "float3"
<invalid atom 65535>(200) : warning C7011: implicit cast from "float4" to "float3"
<invalid atom 65535>(223) : warning C7011: implicit cast from "float4" to "float3"
(0) : error C6003: Arithmetic instruction limit of 64 exceeded; 65 arithmetic instructions needed to compile program
 in CgProgram::compileMicrocode at ..\..\..\PlugIns\CgProgramManager\src\OgreCgProgramManagerDll.cpp (line 67)
19:07:29: High-level program monster_ps encountered an error during loading and is thus not supported.
OGRE EXCEPTION(7:InternalErrorException): Unable to compile Cg program monster_ps: The compile returned an error.
<invalid atom 65535>(177) : warning C7011: implicit cast from "float4" to "float3"
<invalid atom 65535>(200) : warning C7011: implicit cast from "float4" to "float3"
<invalid atom 65535>(223) : warning C7011: implicit cast from "float4" to "float3"
(0) : error C6003: Arithmetic instruction limit of 64 exceeded; 65 arithmetic instructions needed to compile program
 in CgProgram::compileMicrocode at ..\..\..\PlugIns\CgProgramManager\src\OgreCgProgramManagerDll.cpp (line 67)
19:07:29: OGRE EXCEPTION(2:InvalidParametersException): Named constants have not been initialised, perhaps a compile error. in GpuProgramParameters::_findNamedConstantDefinition at ..\..\OgreMain\src\OgreGpuProgramParams.cpp (line 1709)
19:07:29: Compiler error: invalid parameters in monster.program(25): setting of constant failed
19:07:29: OGRE EXCEPTION(2:InvalidParametersException): Named constants have not been initialised, perhaps a compile error. in GpuProgramParameters::_findNamedConstantDefinition at ..\..\OgreMain\src\OgreGpuProgramParams.cpp (line 1709)
19:07:29: Compiler error: invalid parameters in monster.program(26): setting of constant failed
19:07:29: OGRE EXCEPTION(2:InvalidParametersException): Named constants have not been initialised, perhaps a compile error. in GpuProgramParameters::_findNamedConstantDefinition at ..\..\OgreMain\src\OgreGpuProgramParams.cpp (line 1709)
19:07:29: Compiler error: invalid parameters in monster.program(27): setting of constant failed
19:07:29: OGRE EXCEPTION(2:InvalidParametersException): Named constants have not been initialised, perhaps a compile error. in GpuProgramParameters::_findNamedConstantDefinition at ..\..\OgreMain\src\OgreGpuProgramParams.cpp (line 1709)
19:07:29: Compiler error: invalid parameters in monster.program(29): setting of constant failed
19:07:29: OGRE EXCEPTION(2:InvalidParametersException): Named constants have not been initialised, perhaps a compile error. in GpuProgramParameters::_findNamedConstantDefinition at ..\..\OgreMain\src\OgreGpuProgramParams.cpp (line 1709)
19:07:29: Compiler error: invalid parameters in monster.program(30): setting of constant failed
19:07:29: OGRE EXCEPTION(2:InvalidParametersException): Named constants have not been initialised, perhaps a compile error. in GpuProgramParameters::_findNamedConstantDefinition at ..\..\OgreMain\src\OgreGpuProgramParams.cpp (line 1709)
19:07:29: Compiler error: invalid parameters in monster.program(31): setting of constant failed
19:07:29: OGRE EXCEPTION(2:InvalidParametersException): Named constants have not been initialised, perhaps a compile error. in GpuProgramParameters::_findNamedConstantDefinition at ..\..\OgreMain\src\OgreGpuProgramParams.cpp (line 1709)
19:07:29: Compiler error: invalid parameters in monster.program(37): setting of constant failed
19:07:29: OGRE EXCEPTION(2:InvalidParametersException): Named constants have not been initialised, perhaps a compile error. in GpuProgramParameters::_findNamedConstantDefinition at ..\..\OgreMain\src\OgreGpuProgramParams.cpp (line 1709)
19:07:29: Compiler error: invalid parameters in monster.program(38): setting of constant failed
19:07:29: OGRE EXCEPTION(2:InvalidParametersException): Named constants have not been initialised, perhaps a compile error. in GpuProgramParameters::_findNamedConstantDefinition at ..\..\OgreMain\src\OgreGpuProgramParams.cpp (line 1709)
19:07:29: Compiler error: invalid parameters in monster.program(39): setting of constant failed
19:07:29: Parsing script Normal_AO_Specular_Mapping_Shader.program
19:07:30: Parsing script Normal_AO_Specular_Mapping_Shader.material
19:07:30: Parsing script aranna.material
19:07:30: Parsing script AttaObrera.material
19:07:30: Parsing script AttaSoldada.material
19:07:30: Parsing script barril.material
19:07:30: Parsing script Escorpion.material
19:07:30: Parsing script Evilator.material
19:07:30: Parsing script EvilWorks.material
19:07:30: Parsing script Furnace.material
19:07:30: Parsing script GasPlant.material
19:07:30: Parsing script HellQuarters.material
19:07:30: Parsing script laberinto.material
19:07:30: Parsing script loco.material
19:07:30: Parsing script marine.material
19:07:30: Parsing script Mine.material
19:07:30: Parsing script PowerGenerator.material
19:07:30: Parsing script Refinery.material
19:07:30: Parsing script ResearchLabs.material
19:07:30: Parsing script Soul.material
19:07:30: Parsing script SoulPath.material
19:07:30: Parsing script tile.material
19:07:30: Parsing script TroncoArbol.material
19:07:30: Parsing script Warehouse.material
19:07:30: Finished parsing scripts for resource group General
19:07:30: Creating resources for group General
19:07:30: All done
19:07:36: Mesh: Loading cube.mesh.
19:07:36: Can't assign material tile to SubEntity of Tile_0_0 because this Material does not exist. Have you forgotten to define it in a .material script?
19:07:36: Can't assign material tile to SubEntity of Tile_0_1 because this Material does not exist. Have you forgotten to define it in a .material script?
19:07:36: Can't assign material tile to SubEntity of Tile_0_2 because this Material does not exist. Have you forgotten to define it in a .material script?
19:07:36: Can't assign material tile to SubEntity of Tile_0_3 because this Material does not exist. Have you forgotten to define it in a .material script?
19:07:36: Can't assign material tile to SubEntity of Tile_0_4 because this Material does not exist. Have you forgotten to define it in a .material script?
19:07:36: Can't assign material tile to SubEntity of Tile_0_5 because this Material does not exist. Have you forgotten to define it in a .material script?
19:07:36: Can't assign material tile to SubEntity of Tile_0_6 because this Material does not exist. Have you forgotten to define it in a .material script?
19:07:36: Can't assign material tile to SubEntity of Tile_0_7 because this Material does not exist. Have you forgotten to define it in a .material script?
19:07:36: Can't assign material tile to SubEntity of Tile_0_8 because this Material does not exist. Have you forgotten to define it in a .material script?
19:07:36: Can't assign material tile to SubEntity of Tile_0_9 because this Material does not exist. Have you forgotten to define it in a .material script?
19:07:36: Can't assign material tile to SubEntity of Tile_0_10 because this Material does not exist. Have you forgotten to define it in a .material script?
19:07:36: Can't assign material tile to SubEntity of Tile_0_11 because this Material does not exist. Have you forgotten to define it in a .material script?
19:07:36: Can't assign material tile to SubEntity of Tile_0_12 because this Material does not exist. Have you forgotten to define it in a .material script?
19:07:36: Can't assign material tile to SubEntity of Tile_0_13 because this Material does not exist. Have you forgotten to define it in a .material script?
19:07:36: Can't assign material tile to SubEntity of Tile_0_14 because this Material does not exist. Have you forgotten to define it in a .material script?
19:07:36: Can't assign material tile to SubEntity of Tile_1_0 because this Material does not exist. Have you forgotten to define it in a .material script?
19:07:36: Can't assign material tile to SubEntity of Tile_1_1 because this Material does not exist. Have you forgotten to define it in a .material script?
19:07:36: Can't assign material tile to SubEntity of Tile_1_2 because this Material does not exist. Have you forgotten to define it in a .material script?
19:07:36: Can't assign material tile to SubEntity of Tile_1_3 because this Material does not exist. Have you forgotten to define it in a .material script?
19:07:36: Can't assign material tile to SubEntity of Tile_1_4 because this Material does not exist. Have you forgotten to define it in a .material script?
19:07:36: Can't assign material tile to SubEntity of Tile_1_5 because this Material does not exist. Have you forgotten to define it in a .material script?
19:07:36: Can't assign material tile to SubEntity of Tile_1_6 because this Material does not exist. Have you forgotten to define it in a .material script?
19:07:36: Can't assign material tile to SubEntity of Tile_1_7 because this Material does not exist. Have you forgotten to define it in a .material script?
19:07:36: Can't assign material tile to SubEntity of Tile_1_8 because this Material does not exist. Have you forgotten to define it in a .material script?
19:07:36: Can't assign material tile to SubEntity of Tile_1_9 because this Material does not exist. Have you forgotten to define it in a .material script?
19:07:36: Can't assign material tile to SubEntity of Tile_1_10 because this Material does not exist. Have you forgotten to define it in a .material script?
19:07:36: Can't assign material tile to SubEntity of Tile_1_11 because this Material does not exist. Have you forgotten to define it in a .material script?
19:07:36: Can't assign material tile to SubEntity of Tile_1_12 because this Material does not exist. Have you forgotten to define it in a .material script?
19:07:36: Can't assign material tile to SubEntity of Tile_1_13 because this Material does not exist. Have you forgotten to define it in a .material script?
19:07:36: Can't assign material tile to SubEntity of Tile_1_14 because this Material does not exist. Have you forgotten to define it in a .material script?
19:07:36: Can't assign material tile to SubEntity of Tile_2_0 because this Material does not exist. Have you forgotten to define it in a .material script?
19:07:36: Can't assign material tile to SubEntity of Tile_2_1 because this Material does not exist. Have you forgotten to define it in a .material script?
19:07:36: Can't assign material tile to SubEntity of Tile_2_2 because this Material does not exist. Have you forgotten to define it in a .material script?
19:07:36: Can't assign material tile to SubEntity of Tile_2_3 because this Material does not exist. Have you forgotten to define it in a .material script?
19:07:36: Can't assign material tile to SubEntity of Tile_2_4 because this Material does not exist. Have you forgotten to define it in a .material script?
19:07:36: Can't assign material tile to SubEntity of Tile_2_5 because this Material does not exist. Have you forgotten to define it in a .material script?
19:07:36: Can't assign material tile to SubEntity of Tile_2_6 because this Material does not exist. Have you forgotten to define it in a .material script?
19:07:36: Can't assign material tile to SubEntity of Tile_2_7 because this Material does not exist. Have you forgotten to define it in a .material script?
19:07:36: Can't assign material tile to SubEntity of Tile_2_8 because this Material does not exist. Have you forgotten to define it in a .material script?
19:07:36: Can't assign material tile to SubEntity of Tile_2_9 because this Material does not exist. Have you forgotten to define it in a .material script?
19:07:36: Can't assign material tile to SubEntity of Tile_2_10 because this Material does not exist. Have you forgotten to define it in a .material script?
19:07:36: Can't assign material tile to SubEntity of Tile_2_11 because this Material does not exist. Have you forgotten to define it in a .material script?
19:07:36: Can't assign material tile to SubEntity of Tile_2_12 because this Material does not exist. Have you forgotten to define it in a .material script?
19:07:36: Can't assign material tile to SubEntity of Tile_2_13 because this Material does not exist. Have you forgotten to define it in a .material script?
19:07:36: Can't assign material tile to SubEntity of Tile_2_14 because this Material does not exist. Have you forgotten to define it in a .material script?
19:07:36: Can't assign material tile to SubEntity of Tile_3_0 because this Material does not exist. Have you forgotten to define it in a .material script?
19:07:36: Can't assign material tile to SubEntity of Tile_3_1 because this Material does not exist. Have you forgotten to define it in a .material script?
19:07:36: Can't assign material tile to SubEntity of Tile_3_2 because this Material does not exist. Have you forgotten to define it in a .material script?
19:07:36: Can't assign material tile to SubEntity of Tile_3_3 because this Material does not exist. Have you forgotten to define it in a .material script?
19:07:36: Can't assign material tile to SubEntity of Tile_3_4 because this Material does not exist. Have you forgotten to define it in a .material script?
19:07:36: Can't assign material tile to SubEntity of Tile_3_5 because this Material does not exist. Have you forgotten to define it in a .material script?
19:07:36: Can't assign material tile to SubEntity of Tile_3_6 because this Material does not exist. Have you forgotten to define it in a .material script?
19:07:36: Can't assign material tile to SubEntity of Tile_3_7 because this Material does not exist. Have you forgotten to define it in a .material script?
19:07:36: Can't assign material tile to SubEntity of Tile_3_8 because this Material does not exist. Have you forgotten to define it in a .material script?
19:07:36: Can't assign material tile to SubEntity of Tile_3_9 because this Material does not exist. Have you forgotten to define it in a .material script?
19:07:36: Can't assign material tile to SubEntity of Tile_3_10 because this Material does not exist. Have you forgotten to define it in a .material script?
19:07:36: Can't assign material tile to SubEntity of Tile_3_11 because this Material does not exist. Have you forgotten to define it in a .material script?
19:07:36: Can't assign material tile to SubEntity of Tile_3_12 because this Material does not exist. Have you forgotten to define it in a .material script?
19:07:36: Can't assign material tile to SubEntity of Tile_3_13 because this Material does not exist. Have you forgotten to define it in a .material script?
19:07:36: Can't assign material tile to SubEntity of Tile_3_14 because this Material does not exist. Have you forgotten to define it in a .material script?
19:07:36: Can't assign material tile to SubEntity of Tile_4_0 because this Material does not exist. Have you forgotten to define it in a .material script?
19:07:36: Can't assign material tile to SubEntity of Tile_4_1 because this Material does not exist. Have you forgotten to define it in a .material script?
19:07:36: Can't assign material tile to SubEntity of Tile_4_2 because this Material does not exist. Have you forgotten to define it in a .material script?
19:07:36: Can't assign material tile to SubEntity of Tile_4_3 because this Material does not exist. Have you forgotten to define it in a .material script?
19:07:36: Can't assign material tile to SubEntity of Tile_4_4 because this Material does not exist. Have you forgotten to define it in a .material script?
19:07:36: Can't assign material tile to SubEntity of Tile_4_5 because this Material does not exist. Have you forgotten to define it in a .material script?
19:07:36: Can't assign material tile to SubEntity of Tile_4_6 because this Material does not exist. Have you forgotten to define it in a .material script?
19:07:36: Can't assign material tile to SubEntity of Tile_4_7 because this Material does not exist. Have you forgotten to define it in a .material script?
19:07:36: Can't assign material tile to SubEntity of Tile_4_8 because this Material does not exist. Have you forgotten to define it in a .material script?
19:07:36: Can't assign material tile to SubEntity of Tile_4_9 because this Material does not exist. Have you forgotten to define it in a .material script?
19:07:36: Can't assign material tile to SubEntity of Tile_4_10 because this Material does not exist. Have you forgotten to define it in a .material script?
19:07:36: Can't assign material tile to SubEntity of Tile_4_11 because this Material does not exist. Have you forgotten to define it in a .material script?
19:07:36: Can't assign material tile to SubEntity of Tile_4_12 because this Material does not exist. Have you forgotten to define it in a .material script?
19:07:36: Can't assign material tile to SubEntity of Tile_4_13 because this Material does not exist. Have you forgotten to define it in a .material script?
19:07:36: Can't assign material tile to SubEntity of Tile_4_14 because this Material does not exist. Have you forgotten to define it in a .material script?
19:07:36: Can't assign material tile to SubEntity of Tile_5_0 because this Material does not exist. Have you forgotten to define it in a .material script?
19:07:36: Can't assign material tile to SubEntity of Tile_5_1 because this Material does not exist. Have you forgotten to define it in a .material script?
19:07:36: Can't assign material tile to SubEntity of Tile_5_2 because this Material does not exist. Have you forgotten to define it in a .material script?
19:07:36: Can't assign material tile to SubEntity of Tile_5_3 because this Material does not exist. Have you forgotten to define it in a .material script?
19:07:36: Can't assign material tile to SubEntity of Tile_5_4 because this Material does not exist. Have you forgotten to define it in a .material script?
19:07:36: Can't assign material tile to SubEntity of Tile_5_5 because this Material does not exist. Have you forgotten to define it in a .material script?
19:07:36: Can't assign material tile to SubEntity of Tile_5_6 because this Material does not exist. Have you forgotten to define it in a .material script?
19:07:36: Can't assign material tile to SubEntity of Tile_5_7 because this Material does not exist. Have you forgotten to define it in a .material script?
19:07:36: Can't assign material tile to SubEntity of Tile_5_8 because this Material does not exist. Have you forgotten to define it in a .material script?
19:07:36: Can't assign material tile to SubEntity of Tile_5_9 because this Material does not exist. Have you forgotten to define it in a .material script?
19:07:36: Can't assign material tile to SubEntity of Tile_5_10 because this Material does not exist. Have you forgotten to define it in a .material script?
19:07:36: Can't assign material tile to SubEntity of Tile_5_11 because this Material does not exist. Have you forgotten to define it in a .material script?
19:07:36: Can't assign material tile to SubEntity of Tile_5_12 because this Material does not exist. Have you forgotten to define it in a .material script?
19:07:36: Can't assign material tile to SubEntity of Tile_5_13 because this Material does not exist. Have you forgotten to define it in a .material script?
19:07:36: Can't assign material tile to SubEntity of Tile_5_14 because this Material does not exist. Have you forgotten to define it in a .material script?
19:07:36: Can't assign material tile to SubEntity of Tile_6_0 because this Material does not exist. Have you forgotten to define it in a .material script?
19:07:36: Can't assign material tile to SubEntity of Tile_6_1 because this Material does not exist. Have you forgotten to define it in a .material script?
19:07:36: Can't assign material tile to SubEntity of Tile_6_2 because this Material does not exist. Have you forgotten to define it in a .material script?
19:07:36: Can't assign material tile to SubEntity of Tile_6_3 because this Material does not exist. Have you forgotten to define it in a .material script?
19:07:37: Can't assign material tile to SubEntity of Tile_6_4 because this Material does not exist. Have you forgotten to define it in a .material script?
19:07:37: Can't assign material tile to SubEntity of Tile_6_5 because this Material does not exist. Have you forgotten to define it in a .material script?
19:07:37: Can't assign material tile to SubEntity of Tile_6_6 because this Material does not exist. Have you forgotten to define it in a .material script?
19:07:37: Can't assign material tile to SubEntity of Tile_6_7 because this Material does not exist. Have you forgotten to define it in a .material script?
19:07:37: Can't assign material tile to SubEntity of Tile_6_8 because this Material does not exist. Have you forgotten to define it in a .material script?
19:07:37: Can't assign material tile to SubEntity of Tile_6_9 because this Material does not exist. Have you forgotten to define it in a .material script?
19:07:37: Can't assign material tile to SubEntity of Tile_6_10 because this Material does not exist. Have you forgotten to define it in a .material script?
19:07:37: Can't assign material tile to SubEntity of Tile_6_11 because this Material does not exist. Have you forgotten to define it in a .material script?
19:07:37: Can't assign material tile to SubEntity of Tile_6_12 because this Material does not exist. Have you forgotten to define it in a .material script?
19:07:37: Can't assign material tile to SubEntity of Tile_6_13 because this Material does not exist. Have you forgotten to define it in a .material script?
19:07:37: Can't assign material tile to SubEntity of Tile_6_14 because this Material does not exist. Have you forgotten to define it in a .material script?
19:07:37: Can't assign material tile to SubEntity of Tile_7_0 because this Material does not exist. Have you forgotten to define it in a .material script?
19:07:37: Can't assign material tile to SubEntity of Tile_7_1 because this Material does not exist. Have you forgotten to define it in a .material script?
19:07:37: Can't assign material tile to SubEntity of Tile_7_2 because this Material does not exist. Have you forgotten to define it in a .material script?
19:07:37: Can't assign material tile to SubEntity of Tile_7_3 because this Material does not exist. Have you forgotten to define it in a .material script?
19:07:37: Can't assign material tile to SubEntity of Tile_7_4 because this Material does not exist. Have you forgotten to define it in a .material script?
19:07:37: Can't assign material tile to SubEntity of Tile_7_5 because this Material does not exist. Have you forgotten to define it in a .material script?
19:07:37: Can't assign material tile to SubEntity of Tile_7_6 because this Material does not exist. Have you forgotten to define it in a .material script?
19:07:37: Can't assign material tile to SubEntity of Tile_7_7 because this Material does not exist. Have you forgotten to define it in a .material script?
19:07:37: Can't assign material tile to SubEntity of Tile_7_8 because this Material does not exist. Have you forgotten to define it in a .material script?
19:07:37: Can't assign material tile to SubEntity of Tile_7_9 because this Material does not exist. Have you forgotten to define it in a .material script?
19:07:37: Can't assign material tile to SubEntity of Tile_7_10 because this Material does not exist. Have you forgotten to define it in a .material script?
19:07:37: Can't assign material tile to SubEntity of Tile_7_11 because this Material does not exist. Have you forgotten to define it in a .material script?
19:07:37: Can't assign material tile to SubEntity of Tile_7_12 because this Material does not exist. Have you forgotten to define it in a .material script?
19:07:37: Can't assign material tile to SubEntity of Tile_7_13 because this Material does not exist. Have you forgotten to define it in a .material script?
19:07:37: Can't assign material tile to SubEntity of Tile_7_14 because this Material does not exist. Have you forgotten to define it in a .material script?
19:07:37: Can't assign material tile to SubEntity of Tile_8_0 because this Material does not exist. Have you forgotten to define it in a .material script?
19:07:37: Can't assign material tile to SubEntity of Tile_8_1 because this Material does not exist. Have you forgotten to define it in a .material script?
19:07:37: Can't assign material tile to SubEntity of Tile_8_2 because this Material does not exist. Have you forgotten to define it in a .material script?
19:07:37: Can't assign material tile to SubEntity of Tile_8_3 because this Material does not exist. Have you forgotten to define it in a .material script?
19:07:37: Can't assign material tile to SubEntity of Tile_8_4 because this Material does not exist. Have you forgotten to define it in a .material script?
19:07:37: Can't assign material tile to SubEntity of Tile_8_5 because this Material does not exist. Have you forgotten to define it in a .material script?
19:07:37: Can't assign material tile to SubEntity of Tile_8_6 because this Material does not exist. Have you forgotten to define it in a .material script?
19:07:37: Can't assign material tile to SubEntity of Tile_8_7 because this Material does not exist. Have you forgotten to define it in a .material script?
19:07:37: Can't assign material tile to SubEntity of Tile_8_8 because this Material does not exist. Have you forgotten to define it in a .material script?
19:07:37: Can't assign material tile to SubEntity of Tile_8_9 because this Material does not exist. Have you forgotten to define it in a .material script?
19:07:37: Can't assign material tile to SubEntity of Tile_8_10 because this Material does not exist. Have you forgotten to define it in a .material script?
19:07:37: Can't assign material tile to SubEntity of Tile_8_11 because this Material does not exist. Have you forgotten to define it in a .material script?
19:07:37: Can't assign material tile to SubEntity of Tile_8_12 because this Material does not exist. Have you forgotten to define it in a .material script?
19:07:37: Can't assign material tile to SubEntity of Tile_8_13 because this Material does not exist. Have you forgotten to define it in a .material script?
19:07:37: Can't assign material tile to SubEntity of Tile_8_14 because this Material does not exist. Have you forgotten to define it in a .material script?
19:07:37: Can't assign material tile to SubEntity of Tile_9_0 because this Material does not exist. Have you forgotten to define it in a .material script?
19:07:37: Can't assign material tile to SubEntity of Tile_9_1 because this Material does not exist. Have you forgotten to define it in a .material script?
19:07:37: Can't assign material tile to SubEntity of Tile_9_2 because this Material does not exist. Have you forgotten to define it in a .material script?
19:07:37: Can't assign material tile to SubEntity of Tile_9_3 because this Material does not exist. Have you forgotten to define it in a .material script?
19:07:37: Can't assign material tile to SubEntity of Tile_9_4 because this Material does not exist. Have you forgotten to define it in a .material script?
19:07:37: Can't assign material tile to SubEntity of Tile_9_5 because this Material does not exist. Have you forgotten to define it in a .material script?
19:07:37: Can't assign material tile to SubEntity of Tile_9_6 because this Material does not exist. Have you forgotten to define it in a .material script?
19:07:37: Can't assign material tile to SubEntity of Tile_9_7 because this Material does not exist. Have you forgotten to define it in a .material script?
19:07:37: Can't assign material tile to SubEntity of Tile_9_8 because this Material does not exist. Have you forgotten to define it in a .material script?
19:07:37: Can't assign material tile to SubEntity of Tile_9_9 because this Material does not exist. Have you forgotten to define it in a .material script?
19:07:37: Can't assign material tile to SubEntity of Tile_9_10 because this Material does not exist. Have you forgotten to define it in a .material script?
19:07:37: Can't assign material tile to SubEntity of Tile_9_11 because this Material does not exist. Have you forgotten to define it in a .material script?
19:07:37: Can't assign material tile to SubEntity of Tile_9_12 because this Material does not exist. Have you forgotten to define it in a .material script?
19:07:37: Can't assign material tile to SubEntity of Tile_9_13 because this Material does not exist. Have you forgotten to define it in a .material script?
19:07:37: Can't assign material tile to SubEntity of Tile_9_14 because this Material does not exist. Have you forgotten to define it in a .material script?
19:07:37: Can't assign material tile to SubEntity of Tile_10_0 because this Material does not exist. Have you forgotten to define it in a .material script?
19:07:37: Can't assign material tile to SubEntity of Tile_10_1 because this Material does not exist. Have you forgotten to define it in a .material script?
19:07:37: Can't assign material tile to SubEntity of Tile_10_2 because this Material does not exist. Have you forgotten to define it in a .material script?
19:07:37: Can't assign material tile to SubEntity of Tile_10_3 because this Material does not exist. Have you forgotten to define it in a .material script?
19:07:37: Can't assign material tile to SubEntity of Tile_10_4 because this Material does not exist. Have you forgotten to define it in a .material script?
19:07:37: Can't assign material tile to SubEntity of Tile_10_5 because this Material does not exist. Have you forgotten to define it in a .material script?
19:07:37: Can't assign material tile to SubEntity of Tile_10_6 because this Material does not exist. Have you forgotten to define it in a .material script?
19:07:37: Can't assign material tile to SubEntity of Tile_10_7 because this Material does not exist. Have you forgotten to define it in a .material script?
19:07:37: Can't assign material tile to SubEntity of Tile_10_8 because this Material does not exist. Have you forgotten to define it in a .material script?
19:07:37: Can't assign material tile to SubEntity of Tile_10_9 because this Material does not exist. Have you forgotten to define it in a .material script?
19:07:37: Can't assign material tile to SubEntity of Tile_10_10 because this Material does not exist. Have you forgotten to define it in a .material script?
19:07:37: Can't assign material tile to SubEntity of Tile_10_11 because this Material does not exist. Have you forgotten to define it in a .material script?
19:07:37: Can't assign material tile to SubEntity of Tile_10_12 because this Material does not exist. Have you forgotten to define it in a .material script?
19:07:37: Can't assign material tile to SubEntity of Tile_10_13 because this Material does not exist. Have you forgotten to define it in a .material script?
19:07:37: Can't assign material tile to SubEntity of Tile_10_14 because this Material does not exist. Have you forgotten to define it in a .material script?
19:07:37: Can't assign material tile to SubEntity of Tile_11_0 because this Material does not exist. Have you forgotten to define it in a .material script?
19:07:37: Can't assign material tile to SubEntity of Tile_11_1 because this Material does not exist. Have you forgotten to define it in a .material script?
19:07:37: Can't assign material tile to SubEntity of Tile_11_2 because this Material does not exist. Have you forgotten to define it in a .material script?
19:07:37: Can't assign material tile to SubEntity of Tile_11_3 because this Material does not exist. Have you forgotten to define it in a .material script?
19:07:37: Can't assign material tile to SubEntity of Tile_11_4 because this Material does not exist. Have you forgotten to define it in a .material script?
19:07:37: Can't assign material tile to SubEntity of Tile_11_5 because this Material does not exist. Have you forgotten to define it in a .material script?
19:07:37: Can't assign material tile to SubEntity of Tile_11_6 because this Material does not exist. Have you forgotten to define it in a .material script?
19:07:37: Can't assign material tile to SubEntity of Tile_11_7 because this Material does not exist. Have you forgotten to define it in a .material script?
19:07:37: Can't assign material tile to SubEntity of Tile_11_8 because this Material does not exist. Have you forgotten to define it in a .material script?
19:07:37: Can't assign material tile to SubEntity of Tile_11_9 because this Material does not exist. Have you forgotten to define it in a .material script?
19:07:37: Can't assign material tile to SubEntity of Tile_11_10 because this Material does not exist. Have you forgotten to define it in a .material script?
19:07:37: Can't assign material tile to SubEntity of Tile_11_11 because this Material does not exist. Have you forgotten to define it in a .material script?
19:07:37: Can't assign material tile to SubEntity of Tile_11_12 because this Material does not exist. Have you forgotten to define it in a .material script?
19:07:37: Can't assign material tile to SubEntity of Tile_11_13 because this Material does not exist. Have you forgotten to define it in a .material script?
19:07:37: Can't assign material tile to SubEntity of Tile_11_14 because this Material does not exist. Have you forgotten to define it in a .material script?
19:07:37: Can't assign material tile to SubEntity of Tile_12_0 because this Material does not exist. Have you forgotten to define it in a .material script?
19:07:37: Can't assign material tile to SubEntity of Tile_12_1 because this Material does not exist. Have you forgotten to define it in a .material script?
19:07:37: Can't assign material tile to SubEntity of Tile_12_2 because this Material does not exist. Have you forgotten to define it in a .material script?
19:07:37: Can't assign material tile to SubEntity of Tile_12_3 because this Material does not exist. Have you forgotten to define it in a .material script?
19:07:37: Can't assign material tile to SubEntity of Tile_12_4 because this Material does not exist. Have you forgotten to define it in a .material script?
19:07:37: Can't assign material tile to SubEntity of Tile_12_5 because this Material does not exist. Have you forgotten to define it in a .material script?
19:07:37: Can't assign material tile to SubEntity of Tile_12_6 because this Material does not exist. Have you forgotten to define it in a .material script?
19:07:37: Can't assign material tile to SubEntity of Tile_12_7 because this Material does not exist. Have you forgotten to define it in a .material script?
19:07:37: Can't assign material tile to SubEntity of Tile_12_8 because this Material does not exist. Have you forgotten to define it in a .material script?
19:07:37: Can't assign material tile to SubEntity of Tile_12_9 because this Material does not exist. Have you forgotten to define it in a .material script?
19:07:37: Can't assign material tile to SubEntity of Tile_12_10 because this Material does not exist. Have you forgotten to define it in a .material script?
19:07:37: Can't assign material tile to SubEntity of Tile_12_11 because this Material does not exist. Have you forgotten to define it in a .material script?
19:07:37: Can't assign material tile to SubEntity of Tile_12_12 because this Material does not exist. Have you forgotten to define it in a .material script?
19:07:37: Can't assign material tile to SubEntity of Tile_12_13 because this Material does not exist. Have you forgotten to define it in a .material script?
19:07:37: Can't assign material tile to SubEntity of Tile_12_14 because this Material does not exist. Have you forgotten to define it in a .material script?
19:07:37: Can't assign material tile to SubEntity of Tile_13_0 because this Material does not exist. Have you forgotten to define it in a .material script?
19:07:37: Can't assign material tile to SubEntity of Tile_13_1 because this Material does not exist. Have you forgotten to define it in a .material script?
19:07:37: Can't assign material tile to SubEntity of Tile_13_2 because this Material does not exist. Have you forgotten to define it in a .material script?
19:07:37: Can't assign material tile to SubEntity of Tile_13_3 because this Material does not exist. Have you forgotten to define it in a .material script?
19:07:37: Can't assign material tile to SubEntity of Tile_13_4 because this Material does not exist. Have you forgotten to define it in a .material script?
19:07:37: Can't assign material tile to SubEntity of Tile_13_5 because this Material does not exist. Have you forgotten to define it in a .material script?
19:07:37: Can't assign material tile to SubEntity of Tile_13_6 because this Material does not exist. Have you forgotten to define it in a .material script?
19:07:37: Can't assign material tile to SubEntity of Tile_13_7 because this Material does not exist. Have you forgotten to define it in a .material script?
19:07:37: Can't assign material tile to SubEntity of Tile_13_8 because this Material does not exist. Have you forgotten to define it in a .material script?
19:07:37: Can't assign material tile to SubEntity of Tile_13_9 because this Material does not exist. Have you forgotten to define it in a .material script?
19:07:37: Can't assign material tile to SubEntity of Tile_13_10 because this Material does not exist. Have you forgotten to define it in a .material script?
19:07:37: Can't assign material tile to SubEntity of Tile_13_11 because this Material does not exist. Have you forgotten to define it in a .material script?
19:07:37: Can't assign material tile to SubEntity of Tile_13_12 because this Material does not exist. Have you forgotten to define it in a .material script?
19:07:37: Can't assign material tile to SubEntity of Tile_13_13 because this Material does not exist. Have you forgotten to define it in a .material script?
19:07:37: Can't assign material tile to SubEntity of Tile_13_14 because this Material does not exist. Have you forgotten to define it in a .material script?
19:07:37: Can't assign material tile to SubEntity of Tile_14_0 because this Material does not exist. Have you forgotten to define it in a .material script?
19:07:37: Can't assign material tile to SubEntity of Tile_14_1 because this Material does not exist. Have you forgotten to define it in a .material script?
19:07:37: Can't assign material tile to SubEntity of Tile_14_2 because this Material does not exist. Have you forgotten to define it in a .material script?
19:07:37: Can't assign material tile to SubEntity of Tile_14_3 because this Material does not exist. Have you forgotten to define it in a .material script?
19:07:37: Can't assign material tile to SubEntity of Tile_14_4 because this Material does not exist. Have you forgotten to define it in a .material script?
19:07:37: Can't assign material tile to SubEntity of Tile_14_5 because this Material does not exist. Have you forgotten to define it in a .material script?
19:07:37: Can't assign material tile to SubEntity of Tile_14_6 because this Material does not exist. Have you forgotten to define it in a .material script?
19:07:37: Can't assign material tile to SubEntity of Tile_14_7 because this Material does not exist. Have you forgotten to define it in a .material script?
19:07:37: Can't assign material tile to SubEntity of Tile_14_8 because this Material does not exist. Have you forgotten to define it in a .material script?
19:07:37: Can't assign material tile to SubEntity of Tile_14_9 because this Material does not exist. Have you forgotten to define it in a .material script?
19:07:37: Can't assign material tile to SubEntity of Tile_14_10 because this Material does not exist. Have you forgotten to define it in a .material script?
19:07:37: Can't assign material tile to SubEntity of Tile_14_11 because this Material does not exist. Have you forgotten to define it in a .material script?
19:07:37: Can't assign material tile to SubEntity of Tile_14_12 because this Material does not exist. Have you forgotten to define it in a .material script?
19:07:37: Can't assign material tile to SubEntity of Tile_14_13 because this Material does not exist. Have you forgotten to define it in a .material script?
19:07:37: Can't assign material tile to SubEntity of Tile_14_14 because this Material does not exist. Have you forgotten to define it in a .material script?
